<?xml version="1.0" encoding="UTF-8"?>
<!-- Generated by org.testng.reporters.JUnitReportReporter -->
<testsuite hostname="LAPTOP-POCHI3TQ" failures="0" tests="1" name="registrationFunctionality.TCRF022" time="12.999" errors="0" timestamp="2024-01-24T22:31:19 IST" skipped="0">
  <testcase classname="registrationFunctionality.TCRF022" name="testRegisterFunctionalityWithPasswordToggle" time="12.999"/>
  <system-out/>
</testsuite> <!-- registrationFunctionality.TCRF022 -->
