<?xml version="1.0" encoding="UTF-8"?>
<!-- Generated by org.testng.reporters.JUnitReportReporter -->
<testsuite hostname="LAPTOP-POCHI3TQ" failures="0" tests="1" name="registrationFunctionality.TCRF025" time="39.593" errors="0" timestamp="2024-01-26T09:48:41 IST" skipped="0">
  <testcase classname="registrationFunctionality.TCRF025" name="testRegisterFunctionalityWithVariousAttributes" time="39.593"/>
  <system-out/>
</testsuite> <!-- registrationFunctionality.TCRF025 -->
