<?xml version="1.0" encoding="UTF-8"?>
<!-- Generated by org.testng.reporters.JUnitReportReporter -->
<testsuite hostname="LAPTOP-POCHI3TQ" failures="0" tests="1" name="registrationFunctionality.TCRF024" time="13.409" errors="0" timestamp="2024-01-25T13:11:44 IST" skipped="0">
  <testcase classname="registrationFunctionality.TCRF024" name="testRegisterFunctionalityWithPasswordField" time="13.409"/>
  <system-out/>
</testsuite> <!-- registrationFunctionality.TCRF024 -->
